<?xml version="1.0" encoding="UTF-8"?>
<testsuite xmlns:xsi="http://www.w3.org/2001/XMLSchema-instance" xsi:noNamespaceSchemaLocation="https://maven.apache.org/surefire/maven-surefire-plugin/xsd/surefire-test-report-3.0.xsd" version="3.0" name="hamburgueria.testes.MementoTest" time="0.011" tests="7" errors="0" skipped="0" failures="0">
  <properties>
[...]
</properties>
  <testcase name="mementoNaoMudaComCarrinho" classname="hamburgueria.testes.MementoTest" time="0.002"/>
  <testcase name="carrinhoTotalizaItens" classname="hamburgueria.testes.MementoTest" time="0.0"/>
  <testcase name="carrinhoSalvaQuantidade" classname="hamburgueria.testes.MementoTest" time="0.001"/>
  <testcase name="carrinhoNaoRestauraMementoNulo" classname="hamburgueria.testes.MementoTest" time="0.003"/>
  <testcase name="carrinhoRemoveUltimo" classname="hamburgueria.testes.MementoTest" time="0.0"/>
  <testcase name="carrinhoRestauraQuantidade" classname="hamburgueria.testes.MementoTest" time="0.001"/>
  <testcase name="carrinhoNaoRemoveVazio" classname="hamburgueria.testes.MementoTest" time="0.001"/>
</testsuite>