<?xml version="1.0" encoding="UTF-8"?>
<testsuite xmlns:xsi="http://www.w3.org/2001/XMLSchema-instance" xsi:noNamespaceSchemaLocation="https://maven.apache.org/surefire/maven-surefire-plugin/xsd/surefire-test-report-3.0.xsd" version="3.0" name="hamburgueria.testes.MontagemMaisTest" time="0.069" tests="75" errors="0" skipped="0" failures="0">
  <properties>
[...]
</properties>
  <testcase name="saladasSaoImutaveis" classname="hamburgueria.testes.MontagemMaisTest" time="0.001"/>
  <testcase name="builderCalculaPrecoComMolho" classname="hamburgueria.testes.MontagemMaisTest" time="0.001"/>
  <testcase name="baseNaoAceitaNomeVazio" classname="hamburgueria.testes.MontagemMaisTest" time="0.001"/>
  <testcase name="comboRetornaNome" classname="hamburgueria.testes.MontagemMaisTest" time="0.001"/>
  <testcase name="historicoDesfazEsvaziaPilha" classname="hamburgueria.testes.MontagemMaisTest" time="0.001"/>
  <testcase name="comboRetornaHamburguer" classname="hamburgueria.testes.MontagemMaisTest" time="0.0"/>
  <testcase name="builderRegistraProteina" classname="hamburgueria.testes.MontagemMaisTest" time="0.0"/>
  <testcase name="decoradoresCompoemDescricao" classname="hamburgueria.testes.MontagemMaisTest" time="0.001"/>
  <testcase name="baconAcrescentaDescricao" classname="hamburgueria.testes.MontagemMaisTest" time="0.0"/>
  <testcase name="builderCalculaPrecoComQueijo" classname="hamburgueria.testes.MontagemMaisTest" time="0.0"/>
  <testcase name="builderCalculaPrecoComSalada" classname="hamburgueria.testes.MontagemMaisTest" time="0.0"/>
  <testcase name="comandoLimparExecuta" classname="hamburgueria.testes.MontagemMaisTest" time="0.0"/>
  <testcase name="molhosSaoImutaveis" classname="hamburgueria.testes.MontagemMaisTest" time="0.0"/>
  <testcase name="comandoAdicionarExecuta" classname="hamburgueria.testes.MontagemMaisTest" time="0.0"/>
  <testcase name="queijoAcrescentaDescricao" classname="hamburgueria.testes.MontagemMaisTest" time="0.0"/>
  <testcase name="comandoAdicionarDesfaz" classname="hamburgueria.testes.MontagemMaisTest" time="0.0"/>
  <testcase name="baseRetornaNome" classname="hamburgueria.testes.MontagemMaisTest" time="0.001"/>
  <testcase name="cebolaNaoAceitaHamburguerNulo" classname="hamburgueria.testes.MontagemMaisTest" time="0.001"/>
  <testcase name="builderExigePao" classname="hamburgueria.testes.MontagemMaisTest" time="0.001"/>
  <testcase name="comandoAdicionarNaoDesfazSemExecutar" classname="hamburgueria.testes.MontagemMaisTest" time="0.001"/>
  <testcase name="baconMantemNomeOriginal" classname="hamburgueria.testes.MontagemMaisTest" time="0.0"/>
  <testcase name="comandoRemoverExecuta" classname="hamburgueria.testes.MontagemMaisTest" time="0.0"/>
  <testcase name="builderDescricaoIncluiPao" classname="hamburgueria.testes.MontagemMaisTest" time="0.007"/>
  <testcase name="builderAdicionaMolho" classname="hamburgueria.testes.MontagemMaisTest" time="0.0"/>
  <testcase name="molhoAcrescentaPreco" classname="hamburgueria.testes.MontagemMaisTest" time="0.0"/>
  <testcase name="baseRetornaDescricaoIgualAoNome" classname="hamburgueria.testes.MontagemMaisTest" time="0.0"/>
  <testcase name="molhoAcrescentaDescricao" classname="hamburgueria.testes.MontagemMaisTest" time="0.002"/>
  <testcase name="builderRegistraQueijo" classname="hamburgueria.testes.MontagemMaisTest" time="0.0"/>
  <testcase name="carrinhoNaoAceitaItemNulo" classname="hamburgueria.testes.MontagemMaisTest" time="0.001"/>
  <testcase name="builderUsaNomePadrao" classname="hamburgueria.testes.MontagemMaisTest" time="0.0"/>
  <testcase name="historicoNaoAceitaComandoNulo" classname="hamburgueria.testes.MontagemMaisTest" time="0.001"/>
  <testcase name="queijoAcrescentaPreco" classname="hamburgueria.testes.MontagemMaisTest" time="0.0"/>
  <testcase name="builderUsaQueijoPadrao" classname="hamburgueria.testes.MontagemMaisTest" time="0.0"/>
  <testcase name="molhoNaoAceitaHamburguerNulo" classname="hamburgueria.testes.MontagemMaisTest" time="0.002"/>
  <testcase name="comboRetornaAcompanhamento" classname="hamburgueria.testes.MontagemMaisTest" time="0.001"/>
  <testcase name="builderExigeProteina" classname="hamburgueria.testes.MontagemMaisTest" time="0.001"/>
  <testcase name="carrinhoTotalInicialZero" classname="hamburgueria.testes.MontagemMaisTest" time="0.0"/>
  <testcase name="baconNaoAceitaHamburguerNulo" classname="hamburgueria.testes.MontagemMaisTest" time="0.001"/>
  <testcase name="baseAceitaPrecoZero" classname="hamburgueria.testes.MontagemMaisTest" time="0.0"/>
  <testcase name="builderPermiteNomeCustomizado" classname="hamburgueria.testes.MontagemMaisTest" time="0.001"/>
  <testcase name="baseNaoAceitaPrecoNegativo" classname="hamburgueria.testes.MontagemMaisTest" time="0.001"/>
  <testcase name="comboCopiaMesmoNome" classname="hamburgueria.testes.MontagemMaisTest" time="0.0"/>
  <testcase name="baconAcrescentaPreco" classname="hamburgueria.testes.MontagemMaisTest" time="0.0"/>
  <testcase name="carrinhoNaoRestauraMementoNulo" classname="hamburgueria.testes.MontagemMaisTest" time="0.0"/>
  <testcase name="cebolaMantemNomeOriginal" classname="hamburgueria.testes.MontagemMaisTest" time="0.0"/>
  <testcase name="mementoSalvaQuantidade" classname="hamburgueria.testes.MontagemMaisTest" time="0.0"/>
  <testcase name="comandoRemoverDesfaz" classname="hamburgueria.testes.MontagemMaisTest" time="0.001"/>
  <testcase name="carrinhoSomaTotal" classname="hamburgueria.testes.MontagemMaisTest" time="0.0"/>
  <testcase name="carrinhoRemoveUltimo" classname="hamburgueria.testes.MontagemMaisTest" time="0.001"/>
  <testcase name="builderDescricaoIncluiNome" classname="hamburgueria.testes.MontagemMaisTest" time="0.0"/>
  <testcase name="comboSomaPrecoFixo" classname="hamburgueria.testes.MontagemMaisTest" time="0.0"/>
  <testcase name="historicoRegistraComando" classname="hamburgueria.testes.MontagemMaisTest" time="0.0"/>
  <testcase name="builderRegistraPao" classname="hamburgueria.testes.MontagemMaisTest" time="0.001"/>
  <testcase name="carrinhoItensSaoImutaveis" classname="hamburgueria.testes.MontagemMaisTest" time="0.001"/>
  <testcase name="queijoMantemNomeOriginal" classname="hamburgueria.testes.MontagemMaisTest" time="0.001"/>
  <testcase name="carrinhoLimpaItens" classname="hamburgueria.testes.MontagemMaisTest" time="0.0"/>
  <testcase name="builderCalculaPrecoBase" classname="hamburgueria.testes.MontagemMaisTest" time="0.0"/>
  <testcase name="historicoNaoDesfazVazio" classname="hamburgueria.testes.MontagemMaisTest" time="0.0"/>
  <testcase name="molhoMantemNomeOriginal" classname="hamburgueria.testes.MontagemMaisTest" time="0.0"/>
  <testcase name="cebolaAcrescentaPreco" classname="hamburgueria.testes.MontagemMaisTest" time="0.0"/>
  <testcase name="carrinhoNaoRemoveVazio" classname="hamburgueria.testes.MontagemMaisTest" time="0.0"/>
  <testcase name="carrinhoIniciaVazio" classname="hamburgueria.testes.MontagemMaisTest" time="0.0"/>
  <testcase name="comandoRemoverNaoDesfazSemExecutar" classname="hamburgueria.testes.MontagemMaisTest" time="0.001"/>
  <testcase name="decoradoresSomamPrecos" classname="hamburgueria.testes.MontagemMaisTest" time="0.0"/>
  <testcase name="comboRetornaBebida" classname="hamburgueria.testes.MontagemMaisTest" time="0.0"/>
  <testcase name="carrinhoRestauraMemento" classname="hamburgueria.testes.MontagemMaisTest" time="0.001"/>
  <testcase name="carrinhoAdicionaUmItem" classname="hamburgueria.testes.MontagemMaisTest" time="0.0"/>
  <testcase name="comboNaoAceitaHamburguerNulo" classname="hamburgueria.testes.MontagemMaisTest" time="0.001"/>
  <testcase name="baseNaoAceitaNomeNulo" classname="hamburgueria.testes.MontagemMaisTest" time="0.001"/>
  <testcase name="comboCopiaNovaInstancia" classname="hamburgueria.testes.MontagemMaisTest" time="0.0"/>
  <testcase name="comandoLimparDesfaz" classname="hamburgueria.testes.MontagemMaisTest" time="0.0"/>
  <testcase name="queijoNaoAceitaHamburguerNulo" classname="hamburgueria.testes.MontagemMaisTest" time="0.001"/>
  <testcase name="cebolaAcrescentaDescricao" classname="hamburgueria.testes.MontagemMaisTest" time="0.0"/>
  <testcase name="builderAdicionaSalada" classname="hamburgueria.testes.MontagemMaisTest" time="0.001"/>
  <testcase name="comandoLimparNaoDesfazSemExecutar" classname="hamburgueria.testes.MontagemMaisTest" time="0.0"/>
</testsuite>