<?xml version="1.0" encoding="UTF-8"?>
<testsuite xmlns:xsi="http://www.w3.org/2001/XMLSchema-instance" xsi:noNamespaceSchemaLocation="https://maven.apache.org/surefire/maven-surefire-plugin/xsd/surefire-test-report-3.0.xsd" version="3.0" name="hamburgueria.testes.AtendimentoMaisTest" time="0.136" tests="60" errors="0" skipped="0" failures="0">
  <properties>
[...]
</properties>
  <testcase name="atendenteRetornaNome" classname="hamburgueria.testes.AtendimentoMaisTest" time="0.005"/>
  <testcase name="validadorPagamentoAprovaPagamento" classname="hamburgueria.testes.AtendimentoMaisTest" time="0.003"/>
  <testcase name="observavelAlteraStatus" classname="hamburgueria.testes.AtendimentoMaisTest" time="0.002"/>
  <testcase name="totemIniciaSemItens" classname="hamburgueria.testes.AtendimentoMaisTest" time="0.003"/>
  <testcase name="pedidoAvancaParaPreparo" classname="hamburgueria.testes.AtendimentoMaisTest" time="0.005"/>
  <testcase name="observavelNotificaMonitor" classname="hamburgueria.testes.AtendimentoMaisTest" time="0.005"/>
  <testcase name="estadoPreparoRetornaNome" classname="hamburgueria.testes.AtendimentoMaisTest" time="0.0"/>
  <testcase name="pedidoCancelaRecebido" classname="hamburgueria.testes.AtendimentoMaisTest" time="0.002"/>
  <testcase name="contextoRetornaQuantidade" classname="hamburgueria.testes.AtendimentoMaisTest" time="0.001"/>
  <testcase name="pedidoRetornaCodigo" classname="hamburgueria.testes.AtendimentoMaisTest" time="0.001"/>
  <testcase name="cadeiaParaNoPagamentoInvalido" classname="hamburgueria.testes.AtendimentoMaisTest" time="0.001"/>
  <testcase name="estadoEntregaRetornaNome" classname="hamburgueria.testes.AtendimentoMaisTest" time="0.001"/>
  <testcase name="observavelAdicionaObservador" classname="hamburgueria.testes.AtendimentoMaisTest" time="0.007"/>
  <testcase name="totemNaoFechaVazio" classname="hamburgueria.testes.AtendimentoMaisTest" time="0.002"/>
  <testcase name="cadeiaParaNoCarrinhoInvalido" classname="hamburgueria.testes.AtendimentoMaisTest" time="0.001"/>
  <testcase name="contextoRetornaCliente" classname="hamburgueria.testes.AtendimentoMaisTest" time="0.001"/>
  <testcase name="resultadoErroRetornaMensagem" classname="hamburgueria.testes.AtendimentoMaisTest" time="0.0"/>
  <testcase name="totemAdicionaItem" classname="hamburgueria.testes.AtendimentoMaisTest" time="0.005"/>
  <testcase name="validadorCarrinhoReprovaZeroItem" classname="hamburgueria.testes.AtendimentoMaisTest" time="0.001"/>
  <testcase name="totemFechaComHappyHour" classname="hamburgueria.testes.AtendimentoMaisTest" time="0.006"/>
  <testcase name="mediadorRegistraMensagem" classname="hamburgueria.testes.AtendimentoMaisTest" time="0.002"/>
  <testcase name="resultadoOkMensagemPadrao" classname="hamburgueria.testes.AtendimentoMaisTest" time="0.001"/>
  <testcase name="validadorPagamentoReprovaPagamentoPendente" classname="hamburgueria.testes.AtendimentoMaisTest" time="0.0"/>
  <testcase name="monitorRecebeAtualizacao" classname="hamburgueria.testes.AtendimentoMaisTest" time="0.0"/>
  <testcase name="atendenteRetornaFuncao" classname="hamburgueria.testes.AtendimentoMaisTest" time="0.0"/>
  <testcase name="pedidoNaoAceitaCodigoVazio" classname="hamburgueria.testes.AtendimentoMaisTest" time="0.001"/>
  <testcase name="pedidoNaoCancelaPronto" classname="hamburgueria.testes.AtendimentoMaisTest" time="0.002"/>
  <testcase name="totemFechaComPrecoPadrao" classname="hamburgueria.testes.AtendimentoMaisTest" time="0.001"/>
  <testcase name="pedidoNaoCancelaEmEntrega" classname="hamburgueria.testes.AtendimentoMaisTest" time="0.001"/>
  <testcase name="painelRecebeAtualizacao" classname="hamburgueria.testes.AtendimentoMaisTest" time="0.001"/>
  <testcase name="pedidoFinalizadoNaoAvanca" classname="hamburgueria.testes.AtendimentoMaisTest" time="0.002"/>
  <testcase name="pedidoAvancaParaPronto" classname="hamburgueria.testes.AtendimentoMaisTest" time="0.001"/>
  <testcase name="pedidoNaoAceitaCodigoNulo" classname="hamburgueria.testes.AtendimentoMaisTest" time="0.001"/>
  <testcase name="cadeiaRetornaProximoLigado" classname="hamburgueria.testes.AtendimentoMaisTest" time="0.002"/>
  <testcase name="resultadoErroNaoEhValido" classname="hamburgueria.testes.AtendimentoMaisTest" time="0.001"/>
  <testcase name="estadoRecebidoRetornaNome" classname="hamburgueria.testes.AtendimentoMaisTest" time="0.0"/>
  <testcase name="validadorCarrinhoReprovaItemNegativo" classname="hamburgueria.testes.AtendimentoMaisTest" time="0.0"/>
  <testcase name="resultadoOkEhValido" classname="hamburgueria.testes.AtendimentoMaisTest" time="0.001"/>
  <testcase name="pedidoAvancaParaEntregue" classname="hamburgueria.testes.AtendimentoMaisTest" time="0.001"/>
  <testcase name="validadorClienteReprovaClienteNulo" classname="hamburgueria.testes.AtendimentoMaisTest" time="0.001"/>
  <testcase name="cadeiaAprovaPedidoCompleto" classname="hamburgueria.testes.AtendimentoMaisTest" time="0.0"/>
  <testcase name="pedidoNaoCancelaEmPreparo" classname="hamburgueria.testes.AtendimentoMaisTest" time="0.002"/>
  <testcase name="observavelNaoAceitaObservadorNulo" classname="hamburgueria.testes.AtendimentoMaisTest" time="0.001"/>
  <testcase name="chapeiroRetornaFuncao" classname="hamburgueria.testes.AtendimentoMaisTest" time="0.003"/>
  <testcase name="contextoRetornaPagamentoConfirmado" classname="hamburgueria.testes.AtendimentoMaisTest" time="0.005"/>
  <testcase name="pedidoAvancaParaEntrega" classname="hamburgueria.testes.AtendimentoMaisTest" time="0.0"/>
  <testcase name="validadorClienteReprovaClienteVazio" classname="hamburgueria.testes.AtendimentoMaisTest" time="0.0"/>
  <testcase name="contextoRetornaPagamentoPendente" classname="hamburgueria.testes.AtendimentoMaisTest" time="0.0"/>
  <testcase name="pedidoIniciaRecebido" classname="hamburgueria.testes.AtendimentoMaisTest" time="0.0"/>
  <testcase name="observavelNotificaPainel" classname="hamburgueria.testes.AtendimentoMaisTest" time="0.001"/>
  <testcase name="validadorClienteAprovaCliente" classname="hamburgueria.testes.AtendimentoMaisTest" time="0.001"/>
  <testcase name="validadorCarrinhoAprovaItem" classname="hamburgueria.testes.AtendimentoMaisTest" time="0.0"/>
  <testcase name="pedidoFinalizadoNaoCancela" classname="hamburgueria.testes.AtendimentoMaisTest" time="0.001"/>
  <testcase name="entregadorRetornaFuncao" classname="hamburgueria.testes.AtendimentoMaisTest" time="0.002"/>
  <testcase name="mediadorMensagemContemFuncionario" classname="hamburgueria.testes.AtendimentoMaisTest" time="0.001"/>
  <testcase name="estadoProntoRetornaNome" classname="hamburgueria.testes.AtendimentoMaisTest" time="0.0"/>
  <testcase name="cadeiaParaNoClienteInvalido" classname="hamburgueria.testes.AtendimentoMaisTest" time="0.001"/>
  <testcase name="mediadorMensagensSaoImutaveis" classname="hamburgueria.testes.AtendimentoMaisTest" time="0.001"/>
  <testcase name="estadoFinalizadoRetornaNomeCustomizado" classname="hamburgueria.testes.AtendimentoMaisTest" time="0.0"/>
  <testcase name="observavelIniciaAberto" classname="hamburgueria.testes.AtendimentoMaisTest" time="0.001"/>
</testsuite>